<?xml version="1.0" encoding="UTF-8"?>
<!-- Generated by org.testng.reporters.JUnitReportReporter -->
<testsuite hostname="DESKTOP-BFEP34I" failures="0" tests="5" name="com.sample.test.SampleTest" time="12.142" errors="0" timestamp="2020-11-04T08:13:13 IST" skipped="1">
  <testcase classname="com.sample.test.SampleTest" name="searchMobile" time="6.812"/>
  <system-out/>
  <testcase classname="com.sample.test.SampleTest" name="getAllCategories" time="4.083"/>
  <system-out/>
  <testcase classname="com.sample.test.SampleTest" name="writeExcel" time="0.008"/>
  <system-out/>
  <testcase classname="com.sample.test.SampleTest" name="mousehover" time="1.239"/>
  <system-out/>
  <testcase classname="com.sample.test.SampleTest" name="verifyTitle">
    <skipped/>
  </testcase> <!-- verifyTitle -->
  <system-out/>
</testsuite> <!-- com.sample.test.SampleTest -->
