<?xml version="1.0" encoding="UTF-8"?>
<!-- Generated by org.testng.reporters.JUnitReportReporter -->
<testsuite hostname="DESKTOP-BFEP34I" failures="0" tests="1" name="com.amazon.testCases.TC_TodaysDeal_001" time="10.487" errors="0" timestamp="2020-11-25T12:21:37 IST" skipped="0">
  <testcase classname="com.amazon.testCases.TC_TodaysDeal_001" name="clickToTodaysDeal" time="10.487"/>
  <system-out/>
</testsuite> <!-- com.amazon.testCases.TC_TodaysDeal_001 -->
