<?xml version="1.0" encoding="UTF-8"?>
<!-- Generated by org.testng.reporters.JUnitReportReporter -->
<testsuite hostname="DESKTOP-BFEP34I" failures="0" tests="1" name="com.test.sample.GetMethod" time="0.029" errors="0" timestamp="2020-11-02T11:51:19 IST" skipped="0">
  <testcase classname="com.test.sample.GetMethod" name="test_01" time="0.029"/>
  <system-out/>
</testsuite> <!-- com.test.sample.GetMethod -->
