<?xml version="1.0" encoding="UTF-8"?>
<!-- Generated by org.testng.reporters.JUnitReportReporter -->
<testsuite hostname="DESKTOP-BFEP34I" failures="0" tests="7" name="javaTesting.SelTest" time="12.284" errors="0" timestamp="2020-11-06T22:51:54 IST" skipped="4">
  <testcase classname="javaTesting.SelTest" name="lunchurl" time="6.463"/>
  <system-out/>
  <testcase classname="javaTesting.SelTest" name="verifyTitle" time="0.260"/>
  <system-out/>
  <testcase classname="javaTesting.SelTest" name="Alertfunction" time="5.561"/>
  <system-out/>
  <testcase classname="javaTesting.SelTest" name="mousehover">
    <skipped/>
  </testcase> <!-- mousehover -->
  <system-out/>
  <testcase classname="javaTesting.SelTest" name="getAllItems">
    <skipped/>
  </testcase> <!-- getAllItems -->
  <system-out/>
  <testcase classname="javaTesting.SelTest" name="scrolDown">
    <skipped/>
  </testcase> <!-- scrolDown -->
  <system-out/>
  <testcase classname="javaTesting.SelTest" name="screenshotsTest">
    <skipped/>
  </testcase> <!-- screenshotsTest -->
  <system-out/>
</testsuite> <!-- javaTesting.SelTest -->
